[0.211s] DEBUG:colcon:Command line arguments: ['/usr/bin/colcon', 'build']
[0.211s] DEBUG:colcon:Parsed command line arguments: Namespace(log_base=None, log_level=None, verb_name='build', build_base='build', install_base='install', merge_install=False, symlink_install=False, test_result_base=None, continue_on_error=False, executor='parallel', parallel_workers=12, event_handlers=None, ignore_user_meta=False, metas=['./colcon.meta'], base_paths=['.'], packages_ignore=None, packages_ignore_regex=None, paths=None, packages_up_to=None, packages_up_to_regex=None, packages_above=None, packages_above_and_dependencies=None, packages_above_depth=None, packages_select_by_dep=None, packages_skip_by_dep=None, packages_skip_up_to=None, packages_select_build_failed=False, packages_skip_build_finished=False, packages_select_test_failures=False, packages_skip_test_passed=False, packages_select=None, packages_skip=None, packages_select_regex=None, packages_skip_regex=None, packages_start=None, packages_end=None, allow_overriding=[], cmake_args=None, cmake_target=None, cmake_target_skip_unavailable=False, cmake_clean_cache=False, cmake_clean_first=False, cmake_force_configure=False, ament_cmake_args=None, catkin_cmake_args=None, catkin_skip_building_tests=False, mixin_files=None, mixin=None, verb_parser=<colcon_mixin.mixin.mixin_argument.MixinArgumentDecorator object at 0x7f2fc2594040>, verb_extension=<colcon_core.verb.build.BuildVerb object at 0x7f2fc2557640>, main=<bound method BuildVerb.main of <colcon_core.verb.build.BuildVerb object at 0x7f2fc2557640>>, mixin_verb=('build',))
[0.262s] Level 1:colcon.colcon_core.package_discovery:discover_packages(colcon_meta) check parameters
[0.262s] Level 1:colcon.colcon_core.package_discovery:discover_packages(recursive) check parameters
[0.262s] Level 1:colcon.colcon_core.package_discovery:discover_packages(ignore) check parameters
[0.262s] Level 1:colcon.colcon_core.package_discovery:discover_packages(path) check parameters
[0.262s] Level 1:colcon.colcon_core.package_discovery:discover_packages(colcon_meta) discover
[0.262s] Level 1:colcon.colcon_core.package_discovery:discover_packages(recursive) discover
[0.263s] INFO:colcon.colcon_core.package_discovery:Crawling recursively for packages in '/home/ubuntu/ros2_ws/src/julia_turtlebot_circle_test'
[0.263s] Level 1:colcon.colcon_core.package_identification:_identify(.) by extensions ['ignore', 'ignore_ament_install']
[0.263s] Level 1:colcon.colcon_core.package_identification:_identify(.) by extension 'ignore'
[0.263s] Level 1:colcon.colcon_core.package_identification:_identify(.) by extension 'ignore_ament_install'
[0.263s] Level 1:colcon.colcon_core.package_identification:_identify(.) by extensions ['colcon_pkg']
[0.263s] Level 1:colcon.colcon_core.package_identification:_identify(.) by extension 'colcon_pkg'
[0.263s] Level 1:colcon.colcon_core.package_identification:_identify(.) by extensions ['colcon_meta']
[0.263s] Level 1:colcon.colcon_core.package_identification:_identify(.) by extension 'colcon_meta'
[0.263s] Level 1:colcon.colcon_core.package_identification:_identify(.) by extensions ['ros']
[0.263s] Level 1:colcon.colcon_core.package_identification:_identify(.) by extension 'ros'
[0.286s] DEBUG:colcon.colcon_core.package_identification:Package '.' with type 'ros.ament_python' and name 'julia_turtlebot_circle_test'
[0.286s] Level 1:colcon.colcon_core.package_discovery:discover_packages(recursive) using defaults
[0.286s] Level 1:colcon.colcon_core.package_discovery:discover_packages(ignore) discover
[0.286s] Level 1:colcon.colcon_core.package_discovery:discover_packages(ignore) using defaults
[0.286s] Level 1:colcon.colcon_core.package_discovery:discover_packages(path) discover
[0.286s] Level 1:colcon.colcon_core.package_discovery:discover_packages(path) using defaults
[0.312s] Level 1:colcon.colcon_core.package_discovery:discover_packages(prefix_path) check parameters
[0.313s] Level 1:colcon.colcon_core.package_discovery:discover_packages(prefix_path) discover
[0.317s] DEBUG:colcon.colcon_installed_package_information.package_discovery:Found 4 installed packages in /home/ubuntu/ros2_ws/install
[0.320s] DEBUG:colcon.colcon_installed_package_information.package_discovery:Found 411 installed packages in /opt/ros/humble
[0.322s] Level 1:colcon.colcon_core.package_discovery:discover_packages(prefix_path) using defaults
[0.399s] Level 5:colcon.colcon_core.verb:set package 'julia_turtlebot_circle_test' build argument 'cmake_args' from command line to 'None'
[0.399s] Level 5:colcon.colcon_core.verb:set package 'julia_turtlebot_circle_test' build argument 'cmake_target' from command line to 'None'
[0.399s] Level 5:colcon.colcon_core.verb:set package 'julia_turtlebot_circle_test' build argument 'cmake_target_skip_unavailable' from command line to 'False'
[0.399s] Level 5:colcon.colcon_core.verb:set package 'julia_turtlebot_circle_test' build argument 'cmake_clean_cache' from command line to 'False'
[0.399s] Level 5:colcon.colcon_core.verb:set package 'julia_turtlebot_circle_test' build argument 'cmake_clean_first' from command line to 'False'
[0.399s] Level 5:colcon.colcon_core.verb:set package 'julia_turtlebot_circle_test' build argument 'cmake_force_configure' from command line to 'False'
[0.399s] Level 5:colcon.colcon_core.verb:set package 'julia_turtlebot_circle_test' build argument 'ament_cmake_args' from command line to 'None'
[0.399s] Level 5:colcon.colcon_core.verb:set package 'julia_turtlebot_circle_test' build argument 'catkin_cmake_args' from command line to 'None'
[0.399s] Level 5:colcon.colcon_core.verb:set package 'julia_turtlebot_circle_test' build argument 'catkin_skip_building_tests' from command line to 'False'
[0.400s] DEBUG:colcon.colcon_core.verb:Building package 'julia_turtlebot_circle_test' with the following arguments: {'ament_cmake_args': None, 'build_base': '/home/ubuntu/ros2_ws/src/julia_turtlebot_circle_test/build/julia_turtlebot_circle_test', 'catkin_cmake_args': None, 'catkin_skip_building_tests': False, 'cmake_args': None, 'cmake_clean_cache': False, 'cmake_clean_first': False, 'cmake_force_configure': False, 'cmake_target': None, 'cmake_target_skip_unavailable': False, 'install_base': '/home/ubuntu/ros2_ws/src/julia_turtlebot_circle_test/install/julia_turtlebot_circle_test', 'merge_install': False, 'path': '/home/ubuntu/ros2_ws/src/julia_turtlebot_circle_test', 'symlink_install': False, 'test_result_base': None}
[0.400s] INFO:colcon.colcon_core.executor:Executing jobs using 'parallel' executor
[0.401s] DEBUG:colcon.colcon_parallel_executor.executor.parallel:run_until_complete
[0.401s] INFO:colcon.colcon_ros.task.ament_python.build:Building ROS package in '/home/ubuntu/ros2_ws/src/julia_turtlebot_circle_test' with build type 'ament_python'
[0.401s] Level 1:colcon.colcon_core.shell:create_environment_hook('julia_turtlebot_circle_test', 'ament_prefix_path')
[0.407s] INFO:colcon.colcon_core.plugin_system:Skipping extension 'colcon_core.shell.bat': Not used on non-Windows systems
[0.408s] INFO:colcon.colcon_core.shell:Creating environment hook '/home/ubuntu/ros2_ws/src/julia_turtlebot_circle_test/install/julia_turtlebot_circle_test/share/julia_turtlebot_circle_test/hook/ament_prefix_path.ps1'
[0.409s] INFO:colcon.colcon_core.shell:Creating environment descriptor '/home/ubuntu/ros2_ws/src/julia_turtlebot_circle_test/install/julia_turtlebot_circle_test/share/julia_turtlebot_circle_test/hook/ament_prefix_path.dsv'
[0.410s] INFO:colcon.colcon_core.shell:Creating environment hook '/home/ubuntu/ros2_ws/src/julia_turtlebot_circle_test/install/julia_turtlebot_circle_test/share/julia_turtlebot_circle_test/hook/ament_prefix_path.sh'
[0.411s] INFO:colcon.colcon_core.shell:Skip shell extension 'powershell' for command environment: Not usable outside of PowerShell
[0.411s] DEBUG:colcon.colcon_core.shell:Skip shell extension 'dsv' for command environment
[0.703s] INFO:colcon.colcon_core.task.python.build:Building Python package in '/home/ubuntu/ros2_ws/src/julia_turtlebot_circle_test'
[0.704s] INFO:colcon.colcon_core.shell:Skip shell extension 'powershell' for command environment: Not usable outside of PowerShell
[0.704s] DEBUG:colcon.colcon_core.shell:Skip shell extension 'dsv' for command environment
[1.877s] DEBUG:colcon.colcon_core.event_handler.log_command:Invoking command in '/home/ubuntu/ros2_ws/src/julia_turtlebot_circle_test': PYTHONPATH=/home/ubuntu/ros2_ws/src/julia_turtlebot_circle_test/build/julia_turtlebot_circle_test/prefix_override:/usr/lib/python3/dist-packages/colcon_core/task/python/colcon_distutils_commands:/home/ubuntu/ros2_ws/src/julia_turtlebot_circle_test/install/julia_turtlebot_circle_test/lib/python3.10/site-packages:${PYTHONPATH} /usr/bin/python3 -W ignore:setup.py install is deprecated setup.py egg_info --egg-base build/julia_turtlebot_circle_test build --build-base /home/ubuntu/ros2_ws/src/julia_turtlebot_circle_test/build/julia_turtlebot_circle_test/build install --record /home/ubuntu/ros2_ws/src/julia_turtlebot_circle_test/build/julia_turtlebot_circle_test/install.log --single-version-externally-managed install_data
[2.698s] DEBUG:colcon.colcon_core.event_handler.log_command:Invoked command in '/home/ubuntu/ros2_ws/src/julia_turtlebot_circle_test' returned '0': PYTHONPATH=/home/ubuntu/ros2_ws/src/julia_turtlebot_circle_test/build/julia_turtlebot_circle_test/prefix_override:/usr/lib/python3/dist-packages/colcon_core/task/python/colcon_distutils_commands:/home/ubuntu/ros2_ws/src/julia_turtlebot_circle_test/install/julia_turtlebot_circle_test/lib/python3.10/site-packages:${PYTHONPATH} /usr/bin/python3 -W ignore:setup.py install is deprecated setup.py egg_info --egg-base build/julia_turtlebot_circle_test build --build-base /home/ubuntu/ros2_ws/src/julia_turtlebot_circle_test/build/julia_turtlebot_circle_test/build install --record /home/ubuntu/ros2_ws/src/julia_turtlebot_circle_test/build/julia_turtlebot_circle_test/install.log --single-version-externally-managed install_data
[2.706s] Level 1:colcon.colcon_core.environment:checking '/home/ubuntu/ros2_ws/src/julia_turtlebot_circle_test/install/julia_turtlebot_circle_test' for CMake module files
[2.707s] Level 1:colcon.colcon_core.environment:checking '/home/ubuntu/ros2_ws/src/julia_turtlebot_circle_test/install/julia_turtlebot_circle_test' for CMake config files
[2.708s] Level 1:colcon.colcon_core.environment:checking '/home/ubuntu/ros2_ws/src/julia_turtlebot_circle_test/install/julia_turtlebot_circle_test/lib'
[2.708s] Level 1:colcon.colcon_core.environment:checking '/home/ubuntu/ros2_ws/src/julia_turtlebot_circle_test/install/julia_turtlebot_circle_test/bin'
[2.708s] Level 1:colcon.colcon_core.environment:checking '/home/ubuntu/ros2_ws/src/julia_turtlebot_circle_test/install/julia_turtlebot_circle_test/lib/pkgconfig/julia_turtlebot_circle_test.pc'
[2.708s] Level 1:colcon.colcon_core.environment:checking '/home/ubuntu/ros2_ws/src/julia_turtlebot_circle_test/install/julia_turtlebot_circle_test/lib/python3.10/site-packages'
[2.708s] Level 1:colcon.colcon_core.shell:create_environment_hook('julia_turtlebot_circle_test', 'pythonpath')
[2.709s] INFO:colcon.colcon_core.shell:Creating environment hook '/home/ubuntu/ros2_ws/src/julia_turtlebot_circle_test/install/julia_turtlebot_circle_test/share/julia_turtlebot_circle_test/hook/pythonpath.ps1'
[2.709s] INFO:colcon.colcon_core.shell:Creating environment descriptor '/home/ubuntu/ros2_ws/src/julia_turtlebot_circle_test/install/julia_turtlebot_circle_test/share/julia_turtlebot_circle_test/hook/pythonpath.dsv'
[2.710s] INFO:colcon.colcon_core.shell:Creating environment hook '/home/ubuntu/ros2_ws/src/julia_turtlebot_circle_test/install/julia_turtlebot_circle_test/share/julia_turtlebot_circle_test/hook/pythonpath.sh'
[2.710s] Level 1:colcon.colcon_core.environment:checking '/home/ubuntu/ros2_ws/src/julia_turtlebot_circle_test/install/julia_turtlebot_circle_test/bin'
[2.710s] Level 1:colcon.colcon_core.environment:create_environment_scripts_only(julia_turtlebot_circle_test)
[2.711s] INFO:colcon.colcon_core.shell:Creating package script '/home/ubuntu/ros2_ws/src/julia_turtlebot_circle_test/install/julia_turtlebot_circle_test/share/julia_turtlebot_circle_test/package.ps1'
[2.712s] INFO:colcon.colcon_core.shell:Creating package descriptor '/home/ubuntu/ros2_ws/src/julia_turtlebot_circle_test/install/julia_turtlebot_circle_test/share/julia_turtlebot_circle_test/package.dsv'
[2.714s] INFO:colcon.colcon_core.shell:Creating package script '/home/ubuntu/ros2_ws/src/julia_turtlebot_circle_test/install/julia_turtlebot_circle_test/share/julia_turtlebot_circle_test/package.sh'
[2.715s] INFO:colcon.colcon_core.shell:Creating package script '/home/ubuntu/ros2_ws/src/julia_turtlebot_circle_test/install/julia_turtlebot_circle_test/share/julia_turtlebot_circle_test/package.bash'
[2.716s] INFO:colcon.colcon_core.shell:Creating package script '/home/ubuntu/ros2_ws/src/julia_turtlebot_circle_test/install/julia_turtlebot_circle_test/share/julia_turtlebot_circle_test/package.zsh'
[2.718s] Level 1:colcon.colcon_core.environment:create_file_with_runtime_dependencies(/home/ubuntu/ros2_ws/src/julia_turtlebot_circle_test/install/julia_turtlebot_circle_test/share/colcon-core/packages/julia_turtlebot_circle_test)
[2.718s] DEBUG:colcon.colcon_parallel_executor.executor.parallel:closing loop
[2.718s] DEBUG:colcon.colcon_parallel_executor.executor.parallel:loop closed
[2.718s] DEBUG:colcon.colcon_parallel_executor.executor.parallel:run_until_complete finished with '0'
[2.718s] DEBUG:colcon.colcon_core.event_reactor:joining thread
[2.728s] INFO:colcon.colcon_core.plugin_system:Skipping extension 'colcon_notification.desktop_notification.terminal_notifier': Not used on non-Darwin systems
[2.728s] INFO:colcon.colcon_core.plugin_system:Skipping extension 'colcon_notification.desktop_notification.win32': Not used on non-Windows systems
[2.728s] INFO:colcon.colcon_notification.desktop_notification:Sending desktop notification using 'notify2'
[2.748s] DEBUG:colcon.colcon_core.event_reactor:joined thread
[2.748s] INFO:colcon.colcon_core.shell:Creating prefix script '/home/ubuntu/ros2_ws/src/julia_turtlebot_circle_test/install/local_setup.ps1'
[2.751s] INFO:colcon.colcon_core.shell:Creating prefix util module '/home/ubuntu/ros2_ws/src/julia_turtlebot_circle_test/install/_local_setup_util_ps1.py'
[2.754s] INFO:colcon.colcon_core.shell:Creating prefix chain script '/home/ubuntu/ros2_ws/src/julia_turtlebot_circle_test/install/setup.ps1'
[2.756s] INFO:colcon.colcon_core.shell:Creating prefix script '/home/ubuntu/ros2_ws/src/julia_turtlebot_circle_test/install/local_setup.sh'
[2.757s] INFO:colcon.colcon_core.shell:Creating prefix util module '/home/ubuntu/ros2_ws/src/julia_turtlebot_circle_test/install/_local_setup_util_sh.py'
[2.758s] INFO:colcon.colcon_core.shell:Creating prefix chain script '/home/ubuntu/ros2_ws/src/julia_turtlebot_circle_test/install/setup.sh'
[2.760s] INFO:colcon.colcon_core.shell:Creating prefix script '/home/ubuntu/ros2_ws/src/julia_turtlebot_circle_test/install/local_setup.bash'
[2.761s] INFO:colcon.colcon_core.shell:Creating prefix chain script '/home/ubuntu/ros2_ws/src/julia_turtlebot_circle_test/install/setup.bash'
[2.764s] INFO:colcon.colcon_core.shell:Creating prefix script '/home/ubuntu/ros2_ws/src/julia_turtlebot_circle_test/install/local_setup.zsh'
[2.765s] INFO:colcon.colcon_core.shell:Creating prefix chain script '/home/ubuntu/ros2_ws/src/julia_turtlebot_circle_test/install/setup.zsh'
